@!@!@STARTMSG 2262:0 @!@!@
TLC2 Version 2026.03.12.220102 (rev: 0a0bffb)
@!@!@ENDMSG 2262 @!@!@
@!@!@STARTMSG 2187:0 @!@!@
Running breadth-first search Model-Checking with fp 85 and seed -7469506932064347371 with 1 worker on 10 cores with 14564MB heap and 64MB offheap memory [pid: 97033] (Mac OS X 26.3.1 aarch64, Homebrew 25.0.2 64bit, MSBDiskFPSet, DiskStateQueue).
@!@!@ENDMSG 2187 @!@!@
@!@!@STARTMSG 2220:0 @!@!@
Starting SANY...
@!@!@ENDMSG 2220 @!@!@
Parsing file /Users/stroxler/kode/learn-specification/tla+/01-c-program/c_program.tla
Parsing file /private/var/folders/ml/rxnh7z4d39d2vhld23thssvr0000gn/T/tlc-15879477196715454923/Integers.tla (jar:file:/Users/stroxler/.vscode/extensions/tlaplus.vscode-ide-2026.3.122209/tools/tla2tools.jar!/tla2sany/StandardModules/Integers.tla)
Parsing file /private/var/folders/ml/rxnh7z4d39d2vhld23thssvr0000gn/T/tlc-15879477196715454923/_TLCTrace.tla (jar:file:/Users/stroxler/.vscode/extensions/tlaplus.vscode-ide-2026.3.122209/tools/tla2tools.jar!/tla2sany/StandardModules/_TLCTrace.tla)
Parsing file /private/var/folders/ml/rxnh7z4d39d2vhld23thssvr0000gn/T/tlc-15879477196715454923/Naturals.tla (jar:file:/Users/stroxler/.vscode/extensions/tlaplus.vscode-ide-2026.3.122209/tools/tla2tools.jar!/tla2sany/StandardModules/Naturals.tla)
Parsing file /private/var/folders/ml/rxnh7z4d39d2vhld23thssvr0000gn/T/tlc-15879477196715454923/TLC.tla (jar:file:/Users/stroxler/.vscode/extensions/tlaplus.vscode-ide-2026.3.122209/tools/tla2tools.jar!/tla2sany/StandardModules/TLC.tla)
Parsing file /private/var/folders/ml/rxnh7z4d39d2vhld23thssvr0000gn/T/tlc-15879477196715454923/TLCExt.tla (jar:file:/Users/stroxler/.vscode/extensions/tlaplus.vscode-ide-2026.3.122209/tools/tla2tools.jar!/tla2sany/StandardModules/TLCExt.tla)
Parsing file /private/var/folders/ml/rxnh7z4d39d2vhld23thssvr0000gn/T/tlc-15879477196715454923/Sequences.tla (jar:file:/Users/stroxler/.vscode/extensions/tlaplus.vscode-ide-2026.3.122209/tools/tla2tools.jar!/tla2sany/StandardModules/Sequences.tla)
Parsing file /private/var/folders/ml/rxnh7z4d39d2vhld23thssvr0000gn/T/tlc-15879477196715454923/FiniteSets.tla (jar:file:/Users/stroxler/.vscode/extensions/tlaplus.vscode-ide-2026.3.122209/tools/tla2tools.jar!/tla2sany/StandardModules/FiniteSets.tla)
Semantic processing of module Naturals
Semantic processing of module Integers
Semantic processing of module Sequences
Semantic processing of module FiniteSets
Semantic processing of module TLC
Semantic processing of module TLCExt
Semantic processing of module _TLCTrace
Semantic processing of module c_program
Linting of module TLCExt
Linting of module _TLCTrace
Linting of module c_program
@!@!@STARTMSG 2219:0 @!@!@
SANY finished.
@!@!@ENDMSG 2219 @!@!@
@!@!@STARTMSG 2185:0 @!@!@
Starting... (2026-03-12 22:57:51)
@!@!@ENDMSG 2185 @!@!@
@!@!@STARTMSG 2189:0 @!@!@
Computing initial states...
@!@!@ENDMSG 2189 @!@!@
@!@!@STARTMSG 2190:0 @!@!@
Finished computing initial states: 1 distinct state generated at 2026-03-12 22:57:51.
@!@!@ENDMSG 2190 @!@!@
@!@!@STARTMSG 2114:1 @!@!@
Deadlock reached.
@!@!@ENDMSG 2114 @!@!@
@!@!@STARTMSG 2121:1 @!@!@
The behavior up to this point is:
@!@!@ENDMSG 2121 @!@!@
@!@!@STARTMSG 2217:4 @!@!@
1: <Initial predicate>
/\ i = 0
/\ pc = "start"

@!@!@ENDMSG 2217 @!@!@
@!@!@STARTMSG 2217:4 @!@!@
2: <Next line 10, col 12 to line 12, col 28 of module c_program>
/\ i = 0
/\ pc = "middle"

@!@!@ENDMSG 2217 @!@!@
@!@!@STARTMSG 2217:4 @!@!@
3: <Next line 13, col 12 to line 15, col 24 of module c_program>
/\ i = 1
/\ pc = "done"

@!@!@ENDMSG 2217 @!@!@
"CounterExample written: /Users/stroxler/kode/learn-specification/tla+/01-c-program/c_program_trace_T2026-03-13_05-57-50_F85_W1_Mbfs.tlc"
@!@!@STARTMSG 2201:0 @!@!@
The coverage statistics at 2026-03-12 22:57:51 (see https://explain.tlapl.us/module-coverage-statistics for how to interpret the following statistics).
@!@!@ENDMSG 2201 @!@!@
@!@!@STARTMSG 2779:0 @!@!@
<i line 5, col 11 to line 5, col 11 of module c_program>: 709
@!@!@ENDMSG 2779 @!@!@
@!@!@STARTMSG 2779:0 @!@!@
<pc line 5, col 14 to line 5, col 15 of module c_program>: 2
@!@!@ENDMSG 2779 @!@!@
@!@!@STARTMSG 2773:0 @!@!@
<Init line 7, col 1 to line 7, col 4 of module c_program>: 3:3
@!@!@ENDMSG 2773 @!@!@
@!@!@STARTMSG 2221:0 @!@!@
  line 7, col 9 to line 8, col 23 of module c_program: 3
@!@!@ENDMSG 2221 @!@!@
@!@!@STARTMSG 2772:0 @!@!@
<Next line 10, col 1 to line 10, col 4 of module c_program (10 12 12 28)>: 1001:3003
@!@!@ENDMSG 2772 @!@!@
@!@!@STARTMSG 2221:0 @!@!@
  line 10, col 15 to line 10, col 26 of module c_program: 1010
@!@!@ENDMSG 2221 @!@!@
@!@!@STARTMSG 2221:0 @!@!@
  |line 10, col 15 to line 10, col 16 of module c_program: 1007
@!@!@ENDMSG 2221 @!@!@
@!@!@STARTMSG 2221:0 @!@!@
  line 11, col 15 to line 11, col 28 of module c_program: 3
@!@!@ENDMSG 2221 @!@!@
@!@!@STARTMSG 2221:0 @!@!@
  line 12, col 15 to line 12, col 28 of module c_program: 3003
@!@!@ENDMSG 2221 @!@!@
@!@!@STARTMSG 2221:0 @!@!@
  |line 12, col 22 to line 12, col 28 of module c_program: 3
@!@!@ENDMSG 2221 @!@!@
@!@!@STARTMSG 2772:0 @!@!@
<Next line 10, col 1 to line 10, col 4 of module c_program (13 12 15 24)>: 1001:1003
@!@!@ENDMSG 2772 @!@!@
@!@!@STARTMSG 2221:0 @!@!@
  line 13, col 15 to line 13, col 27 of module c_program: 2008
@!@!@ENDMSG 2221 @!@!@
@!@!@STARTMSG 2221:0 @!@!@
  |line 13, col 15 to line 13, col 16 of module c_program: 1005
@!@!@ENDMSG 2221 @!@!@
@!@!@STARTMSG 2221:0 @!@!@
  line 14, col 15 to line 14, col 26 of module c_program: 1003
@!@!@ENDMSG 2221 @!@!@
@!@!@STARTMSG 2221:0 @!@!@
  line 15, col 15 to line 15, col 24 of module c_program: 1003
@!@!@ENDMSG 2221 @!@!@
@!@!@STARTMSG 2202:0 @!@!@
End of statistics.
@!@!@ENDMSG 2202 @!@!@
@!@!@STARTMSG 2200:0 @!@!@
Progress(3) at 2026-03-12 22:57:51: 2,003 states generated (301,203 s/min), 2,003 distinct states found (301,203 ds/min), 1,000 states left on queue.
@!@!@ENDMSG 2200 @!@!@
@!@!@STARTMSG 2199:0 @!@!@
2003 states generated, 2003 distinct states found, 1000 states left on queue.
@!@!@ENDMSG 2199 @!@!@
@!@!@STARTMSG 2194:0 @!@!@
The depth of the complete state graph search is 3.
@!@!@ENDMSG 2194 @!@!@
@!@!@STARTMSG 2186:0 @!@!@
Finished in 401ms at (2026-03-12 22:57:51)
@!@!@ENDMSG 2186 @!@!@
